<?xml version="1.0" encoding="UTF-8"?>
<testsuite name="XeroAdd" tests="1" time="164.799061" failures="0" errors="1" skipped="0" assertions="1">
  <testcase name="test_xero_invoice" time="164.799061" assertions="1">
    <error type="Selenium::WebDriver::Error::TimeOutError" message="timed out after 30 seconds (Unable to locate element: {&quot;method&quot;:&quot;css selector&quot;,&quot;selector&quot;:&quot;#PaidToName_8dfdbc1e216d44ab86a95d8ed1c6f88d_value&quot;})">
timed out after 30 seconds (Unable to locate element: {"method":"css selector","selector":"#PaidToName_8dfdbc1e216d44ab86a95d8ed1c6f88d_value"}) (Selenium::WebDriver::Error::TimeOutError)
C:/Ruby193/lib/ruby/gems/1.9.1/gems/selenium-webdriver-2.41.0/lib/selenium/webdriver/common/wait.rb:57:in `until'
C:/workspace/Xero_Test1/Xero_Test/test/base.rb:64:in `wait_until_clickable'
C:/workspace/Xero_Test1/Xero_Test/test/base.rb:43:in `set_text_value'
XeroTest.rb:52:in `test_xero_invoice'
C:/Ruby193/lib/ruby/gems/1.9.1/gems/test-unit-2.5.5/lib/test/unit/testcase.rb:691:in `run_test'
C:/Ruby193/lib/ruby/gems/1.9.1/gems/test-unit-2.5.5/lib/test/unit/testcase.rb:431:in `run'
C:/Ruby193/lib/ruby/gems/1.9.1/gems/test-unit-2.5.5/lib/test/unit/testsuite.rb:121:in `run_test'
C:/Ruby193/lib/ruby/gems/1.9.1/gems/test-unit-2.5.5/lib/test/unit/testsuite.rb:53:in `run'
C:/Ruby193/lib/ruby/gems/1.9.1/gems/test-unit-2.5.5/lib/test/unit/testsuite.rb:121:in `run_test'
C:/Ruby193/lib/ruby/gems/1.9.1/gems/test-unit-2.5.5/lib/test/unit/testsuite.rb:53:in `run'
C:/Ruby193/lib/ruby/gems/1.9.1/gems/test-unit-2.5.5/lib/test/unit/ui/testrunnermediator.rb:65:in `run_suite'
C:/Ruby193/lib/ruby/gems/1.9.1/gems/test-unit-2.5.5/lib/test/unit/ui/testrunnermediator.rb:44:in `block in run'
C:/Ruby193/lib/ruby/gems/1.9.1/gems/test-unit-2.5.5/lib/test/unit/ui/testrunnermediator.rb:100:in `with_listener'
C:/Ruby193/lib/ruby/gems/1.9.1/gems/test-unit-2.5.5/lib/test/unit/ui/testrunnermediator.rb:40:in `run'
C:/Ruby193/lib/ruby/gems/1.9.1/gems/test-unit-2.5.5/lib/test/unit/ui/testrunner.rb:40:in `start_mediator'
C:/Ruby193/lib/ruby/gems/1.9.1/gems/test-unit-2.5.5/lib/test/unit/ui/testrunner.rb:25:in `start'
C:/Ruby193/lib/ruby/gems/1.9.1/gems/test-unit-2.5.5/lib/test/unit/ui/testrunnerutilities.rb:24:in `run'
C:/Ruby193/lib/ruby/gems/1.9.1/gems/test-unit-2.5.5/lib/test/unit/autorunner.rb:409:in `block in run'
C:/Ruby193/lib/ruby/gems/1.9.1/gems/test-unit-2.5.5/lib/test/unit/autorunner.rb:465:in `change_work_directory'
C:/Ruby193/lib/ruby/gems/1.9.1/gems/test-unit-2.5.5/lib/test/unit/autorunner.rb:408:in `run'
C:/Ruby193/lib/ruby/gems/1.9.1/gems/test-unit-2.5.5/lib/test/unit/autorunner.rb:59:in `run'
C:/Ruby193/lib/ruby/gems/1.9.1/gems/test-unit-2.5.5/lib/test/unit.rb:502:in `block (2 levels) in &lt;top (required)&gt;'    </error>
  </testcase>
  <system-out>
  </system-out>
  <system-err>
  </system-err>
</testsuite>
