<?xml version="1.0" encoding="UTF-8"?>
<testsuite name="XeroAdd" tests="1" time="134.310431" failures="0" errors="1" skipped="0" assertions="1">
  <testcase name="test_xero_invoice" time="134.310431" assertions="1">
    <error type="Selenium::WebDriver::Error::InvalidSelectorError" message="The given selector //input[@id='ext-comp-1001 is either invalid or does not result in a WebElement. The following error occurred:...">
The given selector //input[@id='ext-comp-1001 is either invalid or does not result in a WebElement. The following error occurred:
InvalidSelectorError: Unable to locate an element with the xpath expression //input[@id='ext-comp-1001 because of the following error:
[Exception... "The expression is not a legal expression."  code: "12" nsresult: "0x805b0033 (SyntaxError)"  location: "&lt;unknown&gt;"] (Selenium::WebDriver::Error::InvalidSelectorError)
[remote server] file:///C:/Users/confiz/AppData/Local/Temp/webdriver-profile20140822-8212-1ppj0kc/extensions/fxdriver@googlecode.com/components/driver_component.js:8879:5:in `FirefoxDriver.annotateInvalidSelectorError_'
[remote server] file:///C:/Users/confiz/AppData/Local/Temp/webdriver-profile20140822-8212-1ppj0kc/extensions/fxdriver@googlecode.com/components/driver_component.js:8910:5:in `FirefoxDriver.prototype.findElementInternal_'
[remote server] file:///C:/Users/confiz/AppData/Local/Temp/webdriver-profile20140822-8212-1ppj0kc/extensions/fxdriver@googlecode.com/components/driver_component.js:8914:3:in `FirefoxDriver.prototype.findElement'
[remote server] file:///C:/Users/confiz/AppData/Local/Temp/webdriver-profile20140822-8212-1ppj0kc/extensions/fxdriver@googlecode.com/components/command_processor.js:10884:16:in `DelayedCommand.prototype.executeInternal_/h'
[remote server] file:///C:/Users/confiz/AppData/Local/Temp/webdriver-profile20140822-8212-1ppj0kc/extensions/fxdriver@googlecode.com/components/command_processor.js:10889:7:in `DelayedCommand.prototype.executeInternal_'
[remote server] file:///C:/Users/confiz/AppData/Local/Temp/webdriver-profile20140822-8212-1ppj0kc/extensions/fxdriver@googlecode.com/components/command_processor.js:10831:5:in `DelayedCommand.prototype.execute/&lt;'
C:/Ruby193/lib/ruby/gems/1.9.1/gems/selenium-webdriver-2.41.0/lib/selenium/webdriver/remote/response.rb:51:in `assert_ok'
C:/Ruby193/lib/ruby/gems/1.9.1/gems/selenium-webdriver-2.41.0/lib/selenium/webdriver/remote/response.rb:15:in `initialize'
C:/Ruby193/lib/ruby/gems/1.9.1/gems/selenium-webdriver-2.41.0/lib/selenium/webdriver/remote/http/common.rb:59:in `new'
C:/Ruby193/lib/ruby/gems/1.9.1/gems/selenium-webdriver-2.41.0/lib/selenium/webdriver/remote/http/common.rb:59:in `create_response'
C:/Ruby193/lib/ruby/gems/1.9.1/gems/selenium-webdriver-2.41.0/lib/selenium/webdriver/remote/http/default.rb:66:in `request'
C:/Ruby193/lib/ruby/gems/1.9.1/gems/selenium-webdriver-2.41.0/lib/selenium/webdriver/remote/http/common.rb:40:in `call'
C:/Ruby193/lib/ruby/gems/1.9.1/gems/selenium-webdriver-2.41.0/lib/selenium/webdriver/remote/bridge.rb:634:in `raw_execute'
C:/Ruby193/lib/ruby/gems/1.9.1/gems/selenium-webdriver-2.41.0/lib/selenium/webdriver/remote/bridge.rb:612:in `execute'
C:/Ruby193/lib/ruby/gems/1.9.1/gems/selenium-webdriver-2.41.0/lib/selenium/webdriver/remote/bridge.rb:580:in `find_element_by'
C:/Ruby193/lib/ruby/gems/1.9.1/gems/selenium-webdriver-2.41.0/lib/selenium/webdriver/common/search_context.rb:42:in `find_element'
XeroTest.rb:52:in `test_xero_invoice'
C:/Ruby193/lib/ruby/gems/1.9.1/gems/test-unit-2.5.5/lib/test/unit/testcase.rb:691:in `run_test'
C:/Ruby193/lib/ruby/gems/1.9.1/gems/test-unit-2.5.5/lib/test/unit/testcase.rb:431:in `run'
C:/Ruby193/lib/ruby/gems/1.9.1/gems/test-unit-2.5.5/lib/test/unit/testsuite.rb:121:in `run_test'
C:/Ruby193/lib/ruby/gems/1.9.1/gems/test-unit-2.5.5/lib/test/unit/testsuite.rb:53:in `run'
C:/Ruby193/lib/ruby/gems/1.9.1/gems/test-unit-2.5.5/lib/test/unit/testsuite.rb:121:in `run_test'
C:/Ruby193/lib/ruby/gems/1.9.1/gems/test-unit-2.5.5/lib/test/unit/testsuite.rb:53:in `run'
C:/Ruby193/lib/ruby/gems/1.9.1/gems/test-unit-2.5.5/lib/test/unit/ui/testrunnermediator.rb:65:in `run_suite'
C:/Ruby193/lib/ruby/gems/1.9.1/gems/test-unit-2.5.5/lib/test/unit/ui/testrunnermediator.rb:44:in `block in run'
C:/Ruby193/lib/ruby/gems/1.9.1/gems/test-unit-2.5.5/lib/test/unit/ui/testrunnermediator.rb:100:in `with_listener'
C:/Ruby193/lib/ruby/gems/1.9.1/gems/test-unit-2.5.5/lib/test/unit/ui/testrunnermediator.rb:40:in `run'
C:/Ruby193/lib/ruby/gems/1.9.1/gems/test-unit-2.5.5/lib/test/unit/ui/testrunner.rb:40:in `start_mediator'
C:/Ruby193/lib/ruby/gems/1.9.1/gems/test-unit-2.5.5/lib/test/unit/ui/testrunner.rb:25:in `start'
C:/Ruby193/lib/ruby/gems/1.9.1/gems/test-unit-2.5.5/lib/test/unit/ui/testrunnerutilities.rb:24:in `run'
C:/Ruby193/lib/ruby/gems/1.9.1/gems/test-unit-2.5.5/lib/test/unit/autorunner.rb:409:in `block in run'
C:/Ruby193/lib/ruby/gems/1.9.1/gems/test-unit-2.5.5/lib/test/unit/autorunner.rb:465:in `change_work_directory'
C:/Ruby193/lib/ruby/gems/1.9.1/gems/test-unit-2.5.5/lib/test/unit/autorunner.rb:408:in `run'
C:/Ruby193/lib/ruby/gems/1.9.1/gems/test-unit-2.5.5/lib/test/unit/autorunner.rb:59:in `run'
C:/Ruby193/lib/ruby/gems/1.9.1/gems/test-unit-2.5.5/lib/test/unit.rb:502:in `block (2 levels) in &lt;top (required)&gt;'    </error>
  </testcase>
  <system-out>
  </system-out>
  <system-err>
  </system-err>
</testsuite>
